0 info it worked if it ends with ok
1 verbose cli [ 'C:\\Program Files\\nodejs\\\\node.exe',
1 verbose cli   'C:\\Program Files\\nodejs\\node_modules\\npm\\bin\\npm-cli.js',
1 verbose cli   'bower',
1 verbose cli   '-g',
1 verbose cli   'install' ]
2 info using npm@2.11.2
3 info using node@v0.12.5
4 verbose stack Error: EPERM, mkdir 'C:\Program Files (x86)\Git\local'
4 verbose stack     at Error (native)
5 verbose cwd C:\Users\makshay\Documents\Workspace\blog
6 error Windows_NT 6.1.7601
7 error argv "C:\\Program Files\\nodejs\\\\node.exe" "C:\\Program Files\\nodejs\\node_modules\\npm\\bin\\npm-cli.js" "bower" "-g" "install"
8 error node v0.12.5
9 error npm  v2.11.2
10 error path C:\Program Files (x86)\Git\local
11 error code EPERM
12 error errno -4048
13 error Error: EPERM, mkdir 'C:\Program Files (x86)\Git\local'
13 error     at Error (native)
13 error  { [Error: EPERM, mkdir 'C:\Program Files (x86)\Git\local']
13 error   errno: -4048,
13 error   code: 'EPERM',
13 error   path: 'C:\\Program Files (x86)\\Git\\local' }
14 error Please try running this command again as root/Administrator.
15 verbose exit [ -4048, true ]
